Построение начато 25.09.2020 10:35:50.
     1>Проект "C:\Users\31010\Desktop\Veretelnik\VeretelnikLaba1_2\VeretelnikLaba1_2\VeretelnikLaba1_2.vcxproj" в узле 2 (целевые объекты build).
     1>InitializeBuildStatus:
         Создание "Debug\VeretelnikLaba1_2.unsuccessfulbuild", так как было задано "AlwaysCreate".
       ClCompile:
         C:\Program Files (x86)\Microsoft Visual Studio 10.0\VC\bin\CL.exe /c /ZI /nologo /W3 /WX- /Od /Oy- /D _MBCS /Gm /EHsc /RTC1 /MDd /GS /fp:precise /Zc:wchar_t /Zc:forScope /Fo"Debug\\" /Fd"Debug\vc100.pdb" /Gd /TP /analyze- /errorReport:prompt VeretelnikLaba1_2.cpp
         VeretelnikLaba1_2.cpp
     1>c:\users\31010\desktop\veretelnik\veretelniklaba1_2\veretelniklaba1_2\veretelniklaba1_2.cpp(15): warning C4244: =: преобразование "double" в "float", возможна потеря данных
       Link:
         C:\Program Files (x86)\Microsoft Visual Studio 10.0\VC\bin\link.exe /ERRORREPORT:PROMPT /OUT:"C:\Users\31010\Desktop\Veretelnik\VeretelnikLaba1_2\Debug\VeretelnikLaba1_2.exe" /NOLOGO kernel32.lib user32.lib gdi32.lib winspool.lib comdlg32.lib advapi32.lib shell32.lib ole32.lib oleaut32.lib uuid.lib odbc32.lib odbccp32.lib /MANIFEST /ManifestFile:"Debug\VeretelnikLaba1_2.exe.intermediate.manifest" /MANIFESTUAC:"level='asInvoker' uiAccess='false'" /DEBUG /PDB:"C:\Users\31010\Desktop\Veretelnik\VeretelnikLaba1_2\Debug\VeretelnikLaba1_2.pdb" /TLBID:1 /DYNAMICBASE /NXCOMPAT /IMPLIB:"C:\Users\31010\Desktop\Veretelnik\VeretelnikLaba1_2\Debug\VeretelnikLaba1_2.lib" /MACHINE:X86 Debug\VeretelnikLaba1_2.obj
         LINK : не найден или не выполнена сборка C:\Users\31010\Desktop\Veretelnik\VeretelnikLaba1_2\Debug\VeretelnikLaba1_2.exe при последней инкрементной компоновке; выполняется полная компоновка
         VeretelnikLaba1_2.vcxproj -> C:\Users\31010\Desktop\Veretelnik\VeretelnikLaba1_2\Debug\VeretelnikLaba1_2.exe
       Manifest:
         C:\Program Files (x86)\Microsoft SDKs\Windows\v7.0A\bin\mt.exe /nologo /verbose /outputresource:"C:\Users\31010\Desktop\Veretelnik\VeretelnikLaba1_2\Debug\VeretelnikLaba1_2.exe;#1" /manifest Debug\VeretelnikLaba1_2.exe.intermediate.manifest
       FinalizeBuildStatus:
         Файл "Debug\VeretelnikLaba1_2.unsuccessfulbuild" удаляется.
         Обращение к "Debug\VeretelnikLaba1_2.lastbuildstate".
     1>Построение проекта "C:\Users\31010\Desktop\Veretelnik\VeretelnikLaba1_2\VeretelnikLaba1_2\VeretelnikLaba1_2.vcxproj" завершено (целевые объекты build).

Построение успешно завершено.

Затраченное время: 00:00:02.42
