Построение начато 25.09.2020 11:13:56.
     1>Проект "C:\Users\31010\Desktop\Veretelnik\VeretelnikLaba1_1\VeretelnikLaba1_1\VeretelnikLaba1_1.vcxproj" в узле 2 (целевые объекты build).
     1>InitializeBuildStatus:
         Создание "Debug\VeretelnikLaba1_1.unsuccessfulbuild", так как было задано "AlwaysCreate".
       ClCompile:
         C:\Program Files (x86)\Microsoft Visual Studio 10.0\VC\bin\CL.exe /c /ZI /nologo /W3 /WX- /Od /Oy- /D _MBCS /Gm /EHsc /RTC1 /MDd /GS /fp:precise /Zc:wchar_t /Zc:forScope /Fo"Debug\\" /Fd"Debug\vc100.pdb" /Gd /TP /analyze- /errorReport:prompt VeretelnikLaba1_1.cpp
         VeretelnikLaba1_1.cpp
     1>c:\users\31010\desktop\veretelnik\veretelniklaba1_1\veretelniklaba1_1\veretelniklaba1_1.cpp(13): warning C4244: =: преобразование "int" в "float", возможна потеря данных
     1>c:\users\31010\desktop\veretelnik\veretelniklaba1_1\veretelniklaba1_1\veretelniklaba1_1.cpp(71): warning C4996: 'scanf': This function or variable may be unsafe. Consider using scanf_s instead. To disable deprecation, use _CRT_SECURE_NO_WARNINGS. See online help for details.
                 c:\program files (x86)\microsoft visual studio 10.0\vc\include\stdio.h(304): см. объявление "scanf"
       Link:
         C:\Program Files (x86)\Microsoft Visual Studio 10.0\VC\bin\link.exe /ERRORREPORT:PROMPT /OUT:"C:\Users\31010\Desktop\Veretelnik\VeretelnikLaba1_1\Debug\VeretelnikLaba1_1.exe" /NOLOGO kernel32.lib user32.lib gdi32.lib winspool.lib comdlg32.lib advapi32.lib shell32.lib ole32.lib oleaut32.lib uuid.lib odbc32.lib odbccp32.lib /MANIFEST /ManifestFile:"Debug\VeretelnikLaba1_1.exe.intermediate.manifest" /MANIFESTUAC:"level='asInvoker' uiAccess='false'" /DEBUG /PDB:"C:\Users\31010\Desktop\Veretelnik\VeretelnikLaba1_1\Debug\VeretelnikLaba1_1.pdb" /TLBID:1 /DYNAMICBASE /NXCOMPAT /IMPLIB:"C:\Users\31010\Desktop\Veretelnik\VeretelnikLaba1_1\Debug\VeretelnikLaba1_1.lib" /MACHINE:X86 Debug\VeretelnikLaba1_1.obj
         LINK : не найден или не выполнена сборка C:\Users\31010\Desktop\Veretelnik\VeretelnikLaba1_1\Debug\VeretelnikLaba1_1.exe при последней инкрементной компоновке; выполняется полная компоновка
         VeretelnikLaba1_1.vcxproj -> C:\Users\31010\Desktop\Veretelnik\VeretelnikLaba1_1\Debug\VeretelnikLaba1_1.exe
       Manifest:
         C:\Program Files (x86)\Microsoft SDKs\Windows\v7.0A\bin\mt.exe /nologo /verbose /outputresource:"C:\Users\31010\Desktop\Veretelnik\VeretelnikLaba1_1\Debug\VeretelnikLaba1_1.exe;#1" /manifest Debug\VeretelnikLaba1_1.exe.intermediate.manifest
       FinalizeBuildStatus:
         Файл "Debug\VeretelnikLaba1_1.unsuccessfulbuild" удаляется.
         Обращение к "Debug\VeretelnikLaba1_1.lastbuildstate".
     1>Построение проекта "C:\Users\31010\Desktop\Veretelnik\VeretelnikLaba1_1\VeretelnikLaba1_1\VeretelnikLaba1_1.vcxproj" завершено (целевые объекты build).

Построение успешно завершено.

Затраченное время: 00:00:01.86
